<?xml version="1.0" encoding="UTF-8"?>
<!-- Generated by org.testng.reporters.JUnitReportReporter -->
<testsuite hostname="Karthik" failures="0" tests="4" name="Testcases.Tc_04_Siginpage" time="72.760" errors="0" timestamp="2024-01-23T12:25:37 IST" skipped="0">
  <testcase classname="Testcases.Tc_04_Siginpage" name="SignIn" time="19.424"/>
  <testcase classname="Testcases.Tc_04_Siginpage" name="SignIn" time="18.190"/>
  <testcase classname="Testcases.Tc_04_Siginpage" name="SignIn" time="17.618"/>
  <testcase classname="Testcases.Tc_04_Siginpage" name="SignIn" time="17.528"/>
</testsuite> <!-- Testcases.Tc_04_Siginpage -->
