<?xml version="1.0" encoding="UTF-8"?>
<!-- Generated by org.testng.reporters.JUnitReportReporter -->
<testsuite hostname="Karthik" failures="0" tests="1" name="Testcases.Tc_01_Navigatetowebpage" time="8.666" errors="0" timestamp="2024-01-23T12:25:37 IST" skipped="0">
  <testcase classname="Testcases.Tc_01_Navigatetowebpage" name="NavigatingToBestBestApp" time="8.666"/>
</testsuite> <!-- Testcases.Tc_01_Navigatetowebpage -->
