<?xml version="1.0" encoding="UTF-8"?>
<!-- Generated by org.testng.reporters.JUnitReportReporter -->
<testsuite hostname="Karthik" failures="0" tests="7" name="Testcases.Tc_03_CreateaccountpageTest" time="146.061" errors="0" timestamp="2024-01-23T12:25:37 IST" skipped="0">
  <testcase classname="Testcases.Tc_03_CreateaccountpageTest" name="ValidateCreatAccountFunctionality" time="21.524"/>
  <testcase classname="Testcases.Tc_03_CreateaccountpageTest" name="ValidateCreatAccountFunctionality" time="18.260"/>
  <testcase classname="Testcases.Tc_03_CreateaccountpageTest" name="ValidateCreatAccountFunctionality" time="20.722"/>
  <testcase classname="Testcases.Tc_03_CreateaccountpageTest" name="ValidateCreatAccountFunctionality" time="25.736"/>
  <testcase classname="Testcases.Tc_03_CreateaccountpageTest" name="ValidateCreatAccountFunctionality" time="19.048"/>
  <testcase classname="Testcases.Tc_03_CreateaccountpageTest" name="ValidateCreatAccountFunctionality" time="22.095"/>
  <testcase classname="Testcases.Tc_03_CreateaccountpageTest" name="ValidateCreatAccountFunctionality" time="18.676"/>
</testsuite> <!-- Testcases.Tc_03_CreateaccountpageTest -->
