<?xml version="1.0" encoding="UTF-8"?>
<!-- Generated by org.testng.reporters.JUnitReportReporter -->
<testsuite hostname="Karthik" failures="0" tests="10" name="Testcases.Tc_05_Homepage" time="154.996" errors="0" timestamp="2024-01-23T12:25:37 IST" skipped="0">
  <testcase classname="Testcases.Tc_05_Homepage" name="CheckTitleOfAllMenu" time="13.532"/>
  <testcase classname="Testcases.Tc_05_Homepage" name="CheckTitleOfAllMenu" time="18.639"/>
  <testcase classname="Testcases.Tc_05_Homepage" name="CheckTitleOfAllMenu" time="19.963"/>
  <testcase classname="Testcases.Tc_05_Homepage" name="CheckTitleOfAllMenu" time="18.192"/>
  <testcase classname="Testcases.Tc_05_Homepage" name="CheckTitleOfAllMenu" time="13.674"/>
  <testcase classname="Testcases.Tc_05_Homepage" name="CheckTitleOfAllMenu" time="11.446"/>
  <testcase classname="Testcases.Tc_05_Homepage" name="CheckTitleOfAllMenu" time="12.718"/>
  <testcase classname="Testcases.Tc_05_Homepage" name="CheckTitleOfAllMenu" time="10.854"/>
  <testcase classname="Testcases.Tc_05_Homepage" name="CheckTitleOfAllMenu" time="9.973"/>
  <testcase classname="Testcases.Tc_05_Homepage" name="validate_BottomLink_HomePage" time="26.005"/>
</testsuite> <!-- Testcases.Tc_05_Homepage -->
