<?xml version="1.0" encoding="UTF-8"?>
<!-- Generated by org.testng.reporters.JUnitReportReporter -->
<testsuite hostname="Karthik" failures="0" tests="1" name="Testcases.Tc_08_Menu_Brand_Select" time="30.217" errors="0" timestamp="2024-01-23T12:25:37 IST" skipped="0">
  <testcase classname="Testcases.Tc_08_Menu_Brand_Select" name="AddItemShopByBrandMenu" time="30.217"/>
</testsuite> <!-- Testcases.Tc_08_Menu_Brand_Select -->
